<?xml version="1.0" encoding="UTF-8"?>
<testng-results ignored="0" total="1" passed="1" failed="0" skipped="0">
  <reporter-output>
  </reporter-output>
  <suite started-at="2023-11-22T18:40:54 PST" name="Default suite" finished-at="2023-11-22T18:40:54 PST" duration-ms="37">
    <groups>
    </groups>
    <test started-at="2023-11-22T18:40:54 PST" name="Default test" finished-at="2023-11-22T18:40:54 PST" duration-ms="37">
      <class name="ecommerce.batch8testng.NewTest2">
        <test-method is-config="true" signature="beforeTest()[pri:0, instance:ecommerce.batch8testng.NewTest2@3059cbc]" started-at="2023-11-22T18:40:54 PST" name="beforeTest" finished-at="2023-11-22T18:40:54 PST" duration-ms="7" status="PASS">
          <reporter-output>
          </reporter-output>
        </test-method> <!-- beforeTest -->
        <test-method signature="f()[pri:0, instance:ecommerce.batch8testng.NewTest2@3059cbc]" started-at="2023-11-22T18:40:54 PST" name="f" finished-at="2023-11-22T18:40:54 PST" duration-ms="4" status="PASS">
          <reporter-output>
          </reporter-output>
        </test-method> <!-- f -->
        <test-method is-config="true" signature="afterTest()[pri:0, instance:ecommerce.batch8testng.NewTest2@3059cbc]" started-at="2023-11-22T18:40:54 PST" name="afterTest" finished-at="2023-11-22T18:40:54 PST" duration-ms="0" status="PASS">
          <reporter-output>
          </reporter-output>
        </test-method> <!-- afterTest -->
      </class> <!-- ecommerce.batch8testng.NewTest2 -->
    </test> <!-- Default test -->
  </suite> <!-- Default suite -->
</testng-results>
